<?xml version="1.0" encoding="UTF-8"?>
<testng-results skipped="0" failed="0" total="1" passed="1">
  <reporter-output>
  </reporter-output>
  <suite name="DataRiver" duration-ms="14" started-at="2017-04-10T13:56:44Z" finished-at="2017-04-10T13:56:44Z">
    <groups>
    </groups>
    <test name="dq" duration-ms="14" started-at="2017-04-10T13:56:44Z" finished-at="2017-04-10T13:56:44Z">
      <class name="HelloWord">
        <test-method status="PASS" signature="test()[pri:0, instance:HelloWord@7cef4e59]" name="test" duration-ms="6" started-at="2017-04-10T21:56:44Z" finished-at="2017-04-10T21:56:44Z">
          <reporter-output>
          </reporter-output>
        </test-method> <!-- test -->
      </class> <!-- HelloWord -->
    </test> <!-- dq -->
  </suite> <!-- DataRiver -->
</testng-results>
